Generator Config
	Width shift range: 0.1
	Height shift range: 0.1
	Rotation range: 10
	Horizontal flip: True
	Shuffle: True
Model Config
	Input size: (144, 176, 3)
	Dropout rate: 0.1
	Weights: None
Training Config
	Epochs: 100
	Batch size: 64
	Steps per epoch (train): None
	Steps per epoch (val): None
Testing Config
	Threshold: 0.5
Other Config
	Using GPU: True
Assets written to: C:\Users\NamSaeng\Documents\Arduino\ringbell-guard\model\results\08_26_21_32_29\model\assets
Result
	accuracy: 94.9999988079071%
	Examples
		y: [0.], pred: [0.14507423], equal: [ True]
		y: [0.], pred: [0.12194901], equal: [ True]
		y: [0.], pred: [0.05418443], equal: [ True]
		y: [1.], pred: [0.9902125], equal: [ True]
		y: [1.], pred: [0.9592058], equal: [ True]
		y: [1.], pred: [0.9532836], equal: [ True]
		y: [0.], pred: [0.02887575], equal: [ True]
		y: [1.], pred: [0.97543055], equal: [ True]
		y: [1.], pred: [0.8856137], equal: [ True]
		y: [0.], pred: [0.03198343], equal: [ True]
		y: [0.], pred: [0.20587839], equal: [ True]
		y: [0.], pred: [0.00096354], equal: [ True]
		y: [1.], pred: [0.9633355], equal: [ True]
		y: [0.], pred: [0.0218823], equal: [ True]
		y: [1.], pred: [0.99342304], equal: [ True]
		y: [0.], pred: [0.01920921], equal: [ True]
		y: [1.], pred: [0.9983322], equal: [ True]
		y: [0.], pred: [0.06190858], equal: [ True]
		y: [0.], pred: [0.75991386], equal: [False]
		y: [0.], pred: [0.18873411], equal: [ True]
		y: [0.], pred: [0.0483457], equal: [ True]
		y: [1.], pred: [0.9779578], equal: [ True]
		y: [1.], pred: [0.99122226], equal: [ True]
		y: [0.], pred: [0.12996523], equal: [ True]
		y: [0.], pred: [0.4505645], equal: [ True]
		y: [0.], pred: [0.02826037], equal: [ True]
		y: [0.], pred: [0.00086372], equal: [ True]
		y: [0.], pred: [0.4692359], equal: [ True]
		y: [1.], pred: [0.47484064], equal: [False]
		y: [1.], pred: [0.98890215], equal: [ True]
		y: [1.], pred: [0.9892547], equal: [ True]
		y: [1.], pred: [0.99774927], equal: [ True]
		y: [1.], pred: [0.29610586], equal: [False]
		y: [1.], pred: [0.99593544], equal: [ True]
		y: [1.], pred: [0.9887692], equal: [ True]
		y: [1.], pred: [0.09956218], equal: [False]
		y: [0.], pred: [0.05914686], equal: [ True]
		y: [1.], pred: [0.9365021], equal: [ True]
		y: [1.], pred: [0.9959559], equal: [ True]
		y: [1.], pred: [0.9808218], equal: [ True]
		y: [0.], pred: [0.06651972], equal: [ True]
		y: [1.], pred: [0.72777694], equal: [ True]
		y: [1.], pred: [0.96807915], equal: [ True]
		y: [0.], pred: [0.04036509], equal: [ True]
		y: [1.], pred: [0.93819565], equal: [ True]
		y: [0.], pred: [0.00059865], equal: [ True]
		y: [1.], pred: [0.9953477], equal: [ True]
		y: [1.], pred: [0.9933562], equal: [ True]
		y: [1.], pred: [0.96541625], equal: [ True]
		y: [1.], pred: [0.9932274], equal: [ True]
		y: [0.], pred: [0.01760745], equal: [ True]
		y: [1.], pred: [0.9953517], equal: [ True]
		y: [0.], pred: [0.04137517], equal: [ True]
		y: [1.], pred: [0.9979316], equal: [ True]
		y: [0.], pred: [0.05569139], equal: [ True]
		y: [1.], pred: [0.99889284], equal: [ True]
		y: [0.], pred: [0.09090463], equal: [ True]
		y: [0.], pred: [0.01661932], equal: [ True]
		y: [0.], pred: [0.01512265], equal: [ True]
		y: [1.], pred: [0.72918487], equal: [ True]
		y: [1.], pred: [0.9136984], equal: [ True]
		y: [1.], pred: [0.9880598], equal: [ True]
		y: [1.], pred: [0.9410395], equal: [ True]
		y: [1.], pred: [0.98252547], equal: [ True]
		y: [1.], pred: [0.97642887], equal: [ True]
		y: [1.], pred: [0.63641125], equal: [ True]
		y: [0.], pred: [0.02876852], equal: [ True]
		y: [0.], pred: [0.00094575], equal: [ True]
		y: [0.], pred: [0.00833138], equal: [ True]
		y: [0.], pred: [0.03706509], equal: [ True]
		y: [1.], pred: [0.99471235], equal: [ True]
		y: [1.], pred: [0.93440795], equal: [ True]
		y: [0.], pred: [0.03331822], equal: [ True]
		y: [0.], pred: [0.04194282], equal: [ True]
		y: [0.], pred: [0.02267383], equal: [ True]
		y: [1.], pred: [0.982682], equal: [ True]
		y: [1.], pred: [0.7921924], equal: [ True]
		y: [1.], pred: [0.98711115], equal: [ True]
		y: [0.], pred: [0.12694563], equal: [ True]
		y: [1.], pred: [0.99003285], equal: [ True]
		y: [0.], pred: [0.08260129], equal: [ True]
		y: [1.], pred: [0.9979012], equal: [ True]
		y: [1.], pred: [0.97094554], equal: [ True]
		y: [0.], pred: [0.24713244], equal: [ True]
		y: [0.], pred: [0.17107037], equal: [ True]
		y: [0.], pred: [0.25732917], equal: [ True]
		y: [0.], pred: [0.02008413], equal: [ True]
		y: [0.], pred: [0.00621624], equal: [ True]
		y: [0.], pred: [0.03669889], equal: [ True]
		y: [1.], pred: [0.97996706], equal: [ True]
		y: [1.], pred: [0.7529547], equal: [ True]
		y: [0.], pred: [0.06019144], equal: [ True]
		y: [1.], pred: [0.75612223], equal: [ True]
		y: [1.], pred: [0.98210984], equal: [ True]
		y: [0.], pred: [0.01318067], equal: [ True]
		y: [1.], pred: [0.9617409], equal: [ True]
		y: [0.], pred: [0.01712222], equal: [ True]
		y: [1.], pred: [0.95103586], equal: [ True]
		y: [1.], pred: [0.9985719], equal: [ True]
		y: [0.], pred: [0.00017644], equal: [ True]
		y: [1.], pred: [0.9975085], equal: [ True]
		y: [0.], pred: [0.00851753], equal: [ True]
		y: [0.], pred: [0.01602622], equal: [ True]
		y: [0.], pred: [0.75537175], equal: [False]
		y: [0.], pred: [0.00778945], equal: [ True]
		y: [0.], pred: [0.00595839], equal: [ True]
		y: [0.], pred: [0.0627659], equal: [ True]
		y: [0.], pred: [0.07950351], equal: [ True]
		y: [0.], pred: [0.01180996], equal: [ True]
		y: [0.], pred: [0.01178557], equal: [ True]
		y: [0.], pred: [0.00343443], equal: [ True]
		y: [0.], pred: [0.02888178], equal: [ True]
		y: [0.], pred: [0.02167584], equal: [ True]
		y: [0.], pred: [0.33917704], equal: [ True]
		y: [1.], pred: [0.998221], equal: [ True]
		y: [0.], pred: [0.03308963], equal: [ True]
		y: [0.], pred: [0.10781361], equal: [ True]
		y: [1.], pred: [0.97427624], equal: [ True]
		y: [0.], pred: [0.15509486], equal: [ True]
		y: [1.], pred: [0.9813045], equal: [ True]
		y: [0.], pred: [0.08608928], equal: [ True]
		y: [0.], pred: [0.0453003], equal: [ True]
		y: [0.], pred: [0.00085881], equal: [ True]
		y: [0.], pred: [0.00664138], equal: [ True]
		y: [0.], pred: [0.11404378], equal: [ True]
		y: [1.], pred: [0.7805542], equal: [ True]
		y: [0.], pred: [0.00181555], equal: [ True]
		y: [1.], pred: [0.922719], equal: [ True]
		y: [1.], pred: [0.81929255], equal: [ True]
		y: [0.], pred: [0.00317738], equal: [ True]
		y: [0.], pred: [0.00110122], equal: [ True]
		y: [1.], pred: [0.9791876], equal: [ True]
		y: [0.], pred: [0.5989332], equal: [False]
		y: [0.], pred: [0.03718473], equal: [ True]
		y: [0.], pred: [0.00841727], equal: [ True]
		y: [0.], pred: [0.05286201], equal: [ True]
		y: [1.], pred: [0.9972582], equal: [ True]
		y: [0.], pred: [0.01030739], equal: [ True]
		y: [0.], pred: [0.6702638], equal: [False]
		y: [1.], pred: [0.9046706], equal: [ True]
		y: [1.], pred: [0.9534128], equal: [ True]
		y: [1.], pred: [0.98751986], equal: [ True]
		y: [0.], pred: [0.00679893], equal: [ True]
		y: [0.], pred: [0.86978453], equal: [False]
		y: [1.], pred: [0.99762696], equal: [ True]
		y: [1.], pred: [0.9877921], equal: [ True]
		y: [1.], pred: [0.8582037], equal: [ True]
		y: [0.], pred: [0.40945044], equal: [ True]
		y: [1.], pred: [0.9916123], equal: [ True]
		y: [1.], pred: [0.9863534], equal: [ True]
		y: [1.], pred: [0.9896819], equal: [ True]
		y: [1.], pred: [0.96155214], equal: [ True]
		y: [1.], pred: [0.9166713], equal: [ True]
		y: [1.], pred: [0.8749009], equal: [ True]
		y: [1.], pred: [0.9160214], equal: [ True]
		y: [0.], pred: [0.03549064], equal: [ True]
		y: [1.], pred: [0.9213771], equal: [ True]
		y: [1.], pred: [0.9819301], equal: [ True]
		y: [1.], pred: [0.9836602], equal: [ True]
		y: [0.], pred: [0.0187988], equal: [ True]
		y: [1.], pred: [0.16845682], equal: [False]
		y: [1.], pred: [0.9686818], equal: [ True]
		y: [0.], pred: [0.17492688], equal: [ True]
		y: [1.], pred: [0.9679533], equal: [ True]
		y: [1.], pred: [0.97234255], equal: [ True]
		y: [0.], pred: [0.8942071], equal: [False]
		y: [1.], pred: [0.95223755], equal: [ True]
		y: [1.], pred: [0.9959716], equal: [ True]
		y: [1.], pred: [0.68886465], equal: [ True]
		y: [1.], pred: [0.98096794], equal: [ True]
		y: [0.], pred: [0.08670881], equal: [ True]
		y: [0.], pred: [0.05268143], equal: [ True]
		y: [0.], pred: [0.29552752], equal: [ True]
		y: [0.], pred: [0.0001564], equal: [ True]
		y: [1.], pred: [0.89062667], equal: [ True]
		y: [0.], pred: [0.00578641], equal: [ True]
		y: [1.], pred: [0.941868], equal: [ True]
		y: [0.], pred: [0.05658709], equal: [ True]
		y: [1.], pred: [0.9743482], equal: [ True]
		y: [1.], pred: [0.9189494], equal: [ True]
		y: [1.], pred: [0.99583566], equal: [ True]
		y: [1.], pred: [0.17980519], equal: [False]
		y: [0.], pred: [0.0014585], equal: [ True]
		y: [1.], pred: [0.99848014], equal: [ True]
		y: [1.], pred: [0.9253341], equal: [ True]
		y: [1.], pred: [0.97963655], equal: [ True]
		y: [0.], pred: [0.03879759], equal: [ True]
		y: [1.], pred: [0.24594645], equal: [False]
		y: [0.], pred: [0.015775], equal: [ True]
		y: [0.], pred: [0.05849897], equal: [ True]
		y: [1.], pred: [0.984568], equal: [ True]
		y: [0.], pred: [0.10072938], equal: [ True]
		y: [0.], pred: [0.01293465], equal: [ True]
