Generator Config
	Width shift range: 0.1
	Height shift range: 0.1
	Rotation range: 10
	Horizontal flip: True
	Shuffle: True
Model Config
	Input size: (72, 88, 3)
	Dropout rate: 0.1
	Weights: None
Training Config
	Epochs: 100
	Batch size: 32
	Steps per epoch (train): None
	Steps per epoch (val): None
Testing Config
	Threshold: 0.5
Other Config
	Using GPU: True
Assets written to: C:\Users\NamSaeng\Documents\Arduino\ringbell-guard\model\results\08_28_02_04_48\model\assets
Result
	accuracy: 91.00000262260437%
	Examples
		y: [1.], pred: [0.7744607], equal: [ True]
		y: [0.], pred: [0.50837], equal: [False]
		y: [0.], pred: [0.09598324], equal: [ True]
		y: [0.], pred: [0.01420124], equal: [ True]
		y: [1.], pred: [0.8789212], equal: [ True]
		y: [1.], pred: [0.88313866], equal: [ True]
		y: [0.], pred: [0.96837336], equal: [False]
		y: [1.], pred: [0.94349647], equal: [ True]
		y: [1.], pred: [0.46360937], equal: [False]
		y: [1.], pred: [0.957166], equal: [ True]
		y: [0.], pred: [0.29345363], equal: [ True]
		y: [0.], pred: [0.18007064], equal: [ True]
		y: [1.], pred: [0.99478453], equal: [ True]
		y: [0.], pred: [0.12377497], equal: [ True]
		y: [1.], pred: [0.9537373], equal: [ True]
		y: [0.], pred: [0.30517626], equal: [ True]
		y: [1.], pred: [0.989077], equal: [ True]
		y: [1.], pred: [0.990682], equal: [ True]
		y: [0.], pred: [0.09227627], equal: [ True]
		y: [1.], pred: [0.9713515], equal: [ True]
		y: [0.], pred: [0.04291883], equal: [ True]
		y: [0.], pred: [0.76401484], equal: [False]
		y: [0.], pred: [0.01555497], equal: [ True]
		y: [0.], pred: [0.9755833], equal: [False]
		y: [1.], pred: [0.9701644], equal: [ True]
		y: [1.], pred: [0.99355936], equal: [ True]
		y: [1.], pred: [0.98760116], equal: [ True]
		y: [1.], pred: [0.99393725], equal: [ True]
		y: [0.], pred: [0.1850287], equal: [ True]
		y: [0.], pred: [0.00436426], equal: [ True]
		y: [0.], pred: [0.07519788], equal: [ True]
		y: [0.], pred: [0.16233984], equal: [ True]
